lemire-externalsortinginjava
  Possibly flaky:  com.google.code.externalsorting.csv.CsvExternalSort.estimateAvailableMemory()
  Possibly flaky:  com.google.code.externalsorting.ExternalSort.sortInBatch(java.io.BufferedReader,long,java.util.Comparator<java.lang.String>,int,long,java.nio.charset.Charset,java.io.File,boolean,int,boolean,boolean)
  Possibly flaky:  com.google.code.externalsorting.ExternalSort.sortInBatch(java.io.File)
  Possibly flaky:  com.google.code.externalsorting.ExternalSort.sortAndSave(java.util.List<java.lang.String>,java.util.Comparator<java.lang.String>,java.nio.charset.Charset,java.io.File)
  Possibly flaky:  com.google.code.externalsorting.ExternalSort.estimateAvailableMemory()
  Possibly flaky:  com.google.code.externalsorting.csv.CsvExternalSort.sortAndSave(java.util.List<org.apache.commons.csv.CSVRecord>,java.io.File,com.google.code.externalsorting.csv.CsvSortOptions)
  Possibly flaky:  com.google.code.externalsorting.ExternalSort.sort(java.io.File,java.io.File,java.util.Comparator<java.lang.String>)
  Possibly flaky:  java.util.Collections.addAll(java.util.Collection<org.apache.commons.csv.CSVRecord>,org.apache.commons.csv.CSVRecord[])
  Possibly flaky:  com.google.code.externalsorting.ExternalSort.sortInBatch(java.io.File,java.util.Comparator<java.lang.String>)
  Possibly flaky:  com.google.code.externalsorting.csv.CsvExternalSort.mergeSortedFiles(java.util.List<java.io.File>,java.io.File,com.google.code.externalsorting.csv.CsvSortOptions,boolean,java.util.List<org.apache.commons.csv.CSVRecord>)
graphaware-reco
  Possibly flaky:  com.graphaware.reco.generic.result.Recommendation.getUuid()
  Possibly flaky:  com.graphaware.reco.generic.result.Recommendation.getScore()
  Possibly flaky:  java.lang.String.toUpperCase()
  Possibly flaky:  java.lang.String.toString()
  Possibly flaky:  java.lang.String.toLowerCase()
  Possibly flaky:  java.lang.String.intern()
  Possibly flaky:  java.lang.Short.valueOf(java.lang.String)
  Possibly flaky:  java.lang.Short.decode(java.lang.String)
  Possibly flaky:  java.lang.Long.valueOf(java.lang.String)
  Possibly flaky:  java.lang.Long.getLong(java.lang.String)
edwardcapriolo-gossip
  Possibly flaky:  com.google.code.gossip.GossipMember.getHeartbeat()
  Possibly flaky:  com.google.code.gossip.GossipMember.toString()
  Possibly flaky:  java.util.Objects.toString(java.lang.Object)
  Possibly flaky:  java.lang.String.valueOf(java.lang.Object)
  Possibly flaky:  java.lang.Object.toString()
  Possibly flaky:  com.google.code.gossip.GossipMember.getPort()
  Possibly flaky:  com.google.code.gossip.GossipMember.getId()
  Possibly flaky:  com.google.code.gossip.GossipMember.getHost()
  Possibly flaky:  com.google.code.gossip.GossipMember.getClusterName()
  Possibly flaky:  com.google.code.gossip.GossipMember.getAddress()
myzhan-locust4j
  Possibly flaky:  com.github.myzhan.locust4j.utils.Utils.now()
  Possibly flaky:  com.github.myzhan.locust4j.utils.Utils.getNodeID()
  Possibly flaky:  com.github.myzhan.locust4j.utils.Utils.currentTimeInSeconds()
  Possibly flaky:  com.github.myzhan.locust4j.stats.StatsEntry.getTotalResponseTime()
  Possibly flaky:  com.github.myzhan.locust4j.stats.StatsEntry.getNumFailures()
  Possibly flaky:  com.github.myzhan.locust4j.runtime.Runner.getNodeID()
  Possibly flaky:  com.github.myzhan.locust4j.AbstractTask.run()
  Possibly flaky:  com.github.myzhan.locust4j.taskset.AbstractTaskSet.addTask(com.github.myzhan.locust4j.AbstractTask)
  Possibly flaky:  com.github.myzhan.locust4j.stats.StatsEntry.setTotalResponseTime(long)
  Possibly flaky:  com.github.myzhan.locust4j.runtime.Runner.getRemoteParams()
ThaliaBuecherGmbH-thalia-junit-postgres
  Possibly flaky:  java.lang.String.valueOf(int)
  Possibly flaky:  java.lang.Integer.valueOf(int)
  Possibly flaky:  java.lang.Integer.toString(int)
  Possibly flaky:  java.lang.Integer.toOctalString(int)
  Possibly flaky:  java.lang.Integer.toHexString(int)
  Possibly flaky:  java.lang.Integer.toBinaryString(int)
  Possibly flaky:  java.lang.Character.getName(int)
  Possibly flaky:  java.lang.Character$UnicodeScript.of(int)
  Possibly flaky:  de.thalia.junit.postgres.PostgresEmbedder.freePortNumber()
819548945-tool-encryptionAndDecryption-core
  Possibly flaky:  lich.tool.encryptionAndDecryption.core.Base.getRootGMX509Certificate()
  Possibly flaky:  lich.tool.encryptionAndDecryption.core.Base.getRootGMPrivateKey()
  Possibly flaky:  lich.tool.encryptionAndDecryption.core.asymmetric.PrivateKeyTool.toEnvelopedKeyBlobByGMPrivateKey(java.security.PrivateKey)
  Possibly flaky:  lich.tool.encryptionAndDecryption.core.Base.setRSAroot(java.security.PrivateKey,java.security.cert.X509Certificate)
  Possibly flaky:  lich.tool.encryptionAndDecryption.asymmetric.OtherObj.P12Data.getPrivateKey()
  Possibly flaky:  lich.tool.encryptionAndDecryption.asymmetric.OtherObj.P12Data.getCert()
  Possibly flaky:  lich.tool.encryptionAndDecryption.asymmetric.OtherObj.P12Data.setCert(java.security.cert.Certificate)
  Possibly flaky:  lich.tool.encryptionAndDecryption.core.Base.getRootRSAPrivateKey()
  Possibly flaky:  lich.tool.encryptionAndDecryption.asymmetric.OtherObj.P12Data.getCertificateChain()
  Possibly flaky:  lich.tool.encryptionAndDecryption.core.Base.getRootRSAX509Certificate()
jembi-openhim-mediator-engine-java
  Possibly flaky:  org.openhim.mediator.engine.CoreResponse$Response.getTimestamp()
  Possibly flaky:  org.openhim.mediator.engine.CoreResponse$Request.setTimestamp(java.util.Date)
  Possibly flaky:  org.openhim.mediator.engine.CoreResponse$Request.getTimestamp()
  Possibly flaky:  java.util.Date.toString()
  Possibly flaky:  org.openhim.mediator.engine.CoreResponse.toJSON()
  Possibly flaky:  org.openhim.mediator.engine.CoreResponse.getProperties()
  Possibly flaky:  org.openhim.mediator.engine.CoreResponse.toString()
  Possibly flaky:  org.openhim.mediator.engine.CoreResponse$Response.getStatus()
  Possibly flaky:  org.openhim.mediator.engine.CoreResponse.setResponse(org.openhim.mediator.engine.CoreResponse.Response)
  Possibly flaky:  org.openhim.mediator.engine.CoreResponse.getResponse()
itsajskid-jrgen
  Possibly flaky:  java.util.Date.toString()
  Possibly flaky:  java.lang.String.valueOf(float)
  Possibly flaky:  java.lang.Float.valueOf(float)
  Possibly flaky:  java.lang.Float.toString(float)
  Possibly flaky:  java.lang.Float.toHexString(float)
  Possibly flaky:  com.github.jrgen.generator.DefaultGenerator.createString()
  Possibly flaky:  com.github.jrgen.generator.DefaultGenerator.createDate()
  Possibly flaky:  com.github.jrgen.generator.DefaultGenerator.setSettings(com.github.jrgen.settings.Settings)
  Possibly flaky:  com.github.jrgen.generator.DefaultGenerator.getSettings()
  Possibly flaky:  com.github.jrgen.util.JrgenUtil.getNumberFromRange(double,double)
kestreldigital-data-conjuror
  Possibly flaky:  java.util.Date.toString()
  Possibly flaky:  java.lang.String.toUpperCase()
  Possibly flaky:  java.lang.String.toString()
  Possibly flaky:  java.lang.String.toLowerCase()
  Possibly flaky:  java.lang.String.intern()
  Possibly flaky:  java.lang.Short.valueOf(java.lang.String)
  Possibly flaky:  java.lang.Short.decode(java.lang.String)
  Possibly flaky:  java.lang.Long.valueOf(java.lang.String)
  Possibly flaky:  java.lang.Long.getLong(java.lang.String)
  Possibly flaky:  java.lang.Long.decode(java.lang.String)
projectodd-sockjs-servlet
  Possibly flaky:  org.projectodd.sockjs.servlet.SockJsServlet.getServer()
  Possibly flaky:  org.projectodd.sockjs.Utils.uuid()
  Possibly flaky:  org.projectodd.sockjs.SockJsServer.emitConnection(org.projectodd.sockjs.SockJsConnection)
  Possibly flaky:  org.projectodd.sockjs.SockJsServer.clearTimeout(java.util.concurrent.ScheduledFuture)
  Possibly flaky:  org.projectodd.sockjs.SockJsConnection.write(java.lang.String)
  Possibly flaky:  org.projectodd.sockjs.SockJsConnection.toString()
  Possibly flaky:  org.projectodd.sockjs.SockJsConnection.onClose(org.projectodd.sockjs.SockJsConnection.OnCloseHandler)
  Possibly flaky:  org.projectodd.sockjs.SockJsConnection.end(java.lang.String)
  Possibly flaky:  org.projectodd.sockjs.SockJsServer.dispatch(org.projectodd.sockjs.SockJsRequest,org.projectodd.sockjs.SockJsResponse)
  Possibly flaky:  org.projectodd.sockjs.servlet.SockJsServlet.setServer(org.projectodd.sockjs.SockJsServer)
spullara-java-future-jdk8
  Possibly flaky:  spullara.nio.channels.FutureSocketChannel.getPort()
  Possibly flaky:  java.lang.String.valueOf(int)
  Possibly flaky:  java.lang.Integer.valueOf(int)
  Possibly flaky:  java.lang.Integer.toString(int)
  Possibly flaky:  java.lang.Integer.toOctalString(int)
  Possibly flaky:  java.lang.Integer.toHexString(int)
  Possibly flaky:  java.lang.Integer.toBinaryString(int)
  Possibly flaky:  java.lang.Character.getName(int)
  Possibly flaky:  java.lang.Character$UnicodeScript.of(int)
  Possibly flaky:  spullara.nio.channels.FutureSocketChannel.open(java.nio.channels.AsynchronousChannelGroup)
TareqK-Jesse
  Possibly flaky:  me.kisoft.jesse.SseSessionManager.getSessionId(me.kisoft.jesse.SseSession)
  Possibly flaky:  me.kisoft.jesse.feature.MapperFeatureRegistry.get(javax.ws.rs.core.MediaType)
  Possibly flaky:  me.kisoft.jesse.feature.PlainTextMapperFeature.getMediaType()
  Possibly flaky:  me.kisoft.jesse.SseSessionManager.onOpen(me.kisoft.jesse.SseSession)
  Possibly flaky:  me.kisoft.jesse.SseSessionManager.onError(me.kisoft.jesse.SseSession,java.lang.Throwable)
  Possibly flaky:  me.kisoft.jesse.SseSessionManager.onClose(me.kisoft.jesse.SseSession)
  Possibly flaky:  me.kisoft.jesse.DefaultSessionManager.onOpen(me.kisoft.jesse.SseSession)
  Possibly flaky:  me.kisoft.jesse.DefaultSessionManager.onError(me.kisoft.jesse.SseSession,java.lang.Throwable)
  Possibly flaky:  me.kisoft.jesse.DefaultSessionManager.onClose(me.kisoft.jesse.SseSession)
  Possibly flaky:  java.util.Collections.addAll(java.util.Collection<me.kisoft.jesse.SseSession>,me.kisoft.jesse.SseSession[])
daniel-frak-dummy4j
  Possibly flaky:  dev.codesoapbox.dummy4j.dummies.identifier.IdentifierDummy.orcid()
  Possibly flaky:  dev.codesoapbox.dummy4j.dummies.business.BusinessDummy.productNameTool()
  Possibly flaky:  dev.codesoapbox.dummy4j.dummies.NationDummy.languageCommon()
  Possibly flaky:  dev.codesoapbox.dummy4j.dummies.NationDummy.languageCodeTwoLetter()
  Possibly flaky:  dev.codesoapbox.dummy4j.dummies.NationDummy.languageCodeThreeLetterCommon()
  Possibly flaky:  dev.codesoapbox.dummy4j.dummies.NationDummy.countryCode()
  Possibly flaky:  dev.codesoapbox.dummy4j.Dummy4j.name()
  Possibly flaky:  dev.codesoapbox.dummy4j.Dummy4j.nation()
  Possibly flaky:  dev.codesoapbox.dummy4j.dummies.identifier.IdentifierDummy.tac()
  Possibly flaky:  dev.codesoapbox.dummy4j.dummies.identifier.IdentifierDummy.ean13()
anitechcs-resting
  Possibly flaky:  com.anitech.resting.Resting.enableProcessingHooks()
  Possibly flaky:  com.anitech.resting.Resting.PUT(java.lang.String,java.lang.Object,com.anitech.resting.http.request.RequestConfig)
  Possibly flaky:  com.anitech.resting.http.request.RequestConfig.setSocketTimeout(int)
  Possibly flaky:  com.anitech.resting.Resting.enableMetrics()
  Possibly flaky:  com.anitech.resting.http.request.RequestConfig.getHeader(java.lang.String)
  Possibly flaky:  com.anitech.resting.Resting.globalRequestConfig(com.anitech.resting.http.request.RequestConfig)
  Possibly flaky:  com.anitech.resting.Resting.getInstance()
  Possibly flaky:  com.anitech.resting.http.Header.getValue()
  Possibly flaky:  com.anitech.resting.util.RestingUtil.getDefaultRequestConfig()
  Possibly flaky:  com.anitech.resting.http.request.RequestConfig.getHeaders()
fluent-fluent-logger-java
  Possibly flaky:  org.fluentd.logger.FluentLogger.closeAll()
  Possibly flaky:  org.fluentd.logger.FluentLogger.flush()
  Possibly flaky:  java.lang.String.valueOf(long)
  Possibly flaky:  java.lang.Long.valueOf(long)
  Possibly flaky:  java.lang.Long.toString(long)
  Possibly flaky:  java.lang.Long.toOctalString(long)
  Possibly flaky:  java.lang.Long.toHexString(long)
  Possibly flaky:  java.lang.Long.toBinaryString(long)
  Possibly flaky:  org.fluentd.logger.FluentLogger.getName()
  Possibly flaky:  org.fluentd.logger.FluentLogger.isConnected()
apifortress-apif-faker
  Possibly flaky:  java.util.Arrays.toString(int[])
  Possibly flaky:  java.lang.String.valueOf(char)
  Possibly flaky:  java.lang.String.valueOf(long)
  Possibly flaky:  java.lang.String.valueOf(double)
  Possibly flaky:  java.lang.Long.valueOf(long)
  Possibly flaky:  java.lang.Long.toString(long)
  Possibly flaky:  java.lang.Long.toOctalString(long)
  Possibly flaky:  java.lang.Long.toHexString(long)
  Possibly flaky:  java.lang.Long.toBinaryString(long)
  Possibly flaky:  java.lang.Double.valueOf(double)
goldolphin-cate
  Possibly flaky:  net.goldolphin.cate.partitioned.IPartitioner.partition(net.goldolphin.cate.TaskWithScheduler<net.goldolphin.cate.IScheduler,net.goldolphin.cate.TaskWithInitState<java.lang.CharSequence,java.io.Serializable>>,int)
  Possibly flaky:  net.goldolphin.cate.partitioned.HashedPartitioner.partition(net.goldolphin.cate.TaskWithScheduler<net.goldolphin.cate.IScheduler,net.goldolphin.cate.TaskWithInitState<java.lang.CharSequence,java.io.Serializable>>,int)
  Possibly flaky:  net.goldolphin.cate.IContinuation.apply(java.lang.Object,net.goldolphin.cate.Environment,net.goldolphin.cate.IScheduler)
  Possibly flaky:  net.goldolphin.cate.partitioned.HashedPartitioner.instance()
  Possibly flaky:  java.lang.String.valueOf(int)
  Possibly flaky:  java.lang.Integer.valueOf(int)
  Possibly flaky:  java.lang.Integer.toString(int)
  Possibly flaky:  java.lang.Integer.toOctalString(int)
  Possibly flaky:  java.lang.Integer.toHexString(int)
  Possibly flaky:  java.lang.Integer.toBinaryString(int)
krka-mockachino
  Possibly flaky:  se.mockachino.verifier.VerifyRangeStart.withTimeout(long)
  Possibly flaky:  se.mockachino.verifier.VerifyRangeStart.onMethodWithAnyArgument(java.lang.Object,se.mockachino.util.MockachinoMethod)
  Possibly flaky:  se.mockachino.verifier.VerifyRangeStart.onMethod(java.lang.Object,se.mockachino.matchers.MethodMatcher)
  Possibly flaky:  se.mockachino.verifier.VerifyRangeStart.onAnyMethod(java.lang.Object)
  Possibly flaky:  se.mockachino.verifier.VerifyRangeStart.on(se.mockachino.order.MockPointIterator)
  Possibly flaky:  se.mockachino.verifier.VerifyRangeStart.on(se.mockachino.matchers.matcher.Matcher<se.mockachino.MethodCall>)
  Possibly flaky:  se.mockachino.stub.returnvalue.SequentialAnswers.verify(se.mockachino.util.MockachinoMethod)
  Possibly flaky:  se.mockachino.stub.returnvalue.ReturnAnswer.verify(se.mockachino.util.MockachinoMethod)
  Possibly flaky:  se.mockachino.stub.returnvalue.ReturnAnswer.invoke(java.lang.Object,se.mockachino.MethodCall)
  Possibly flaky:  se.mockachino.stub.Stubber.thenThrow(java.lang.Throwable)
DiUS-java-faker
  Possibly flaky:  java.util.Arrays.toString(byte[])
  Possibly flaky:  java.lang.String.valueOf(char)
  Possibly flaky:  java.lang.String.valueOf(int)
  Possibly flaky:  java.lang.String.valueOf(boolean)
  Possibly flaky:  java.lang.String.valueOf(long)
  Possibly flaky:  java.lang.String.valueOf(double)
  Possibly flaky:  java.lang.Long.valueOf(long)
  Possibly flaky:  java.lang.Long.toString(long)
  Possibly flaky:  java.lang.Long.toOctalString(long)
  Possibly flaky:  java.lang.Long.toHexString(long)
alipay-sofa-common-tools
  Possibly flaky:  com.alipay.sofa.common.profile.diagnostic.Profiler.dump(java.lang.String,java.lang.String)
  Possibly flaky:  com.alipay.sofa.common.utils.StringUtil.center(java.lang.String,int)
  Possibly flaky:  java.lang.String.toUpperCase()
  Possibly flaky:  java.lang.String.toString()
  Possibly flaky:  java.lang.String.toLowerCase()
  Possibly flaky:  java.lang.String.intern()
  Possibly flaky:  java.lang.Short.valueOf(java.lang.String)
  Possibly flaky:  java.lang.Short.decode(java.lang.String)
  Possibly flaky:  java.lang.Long.valueOf(java.lang.String)
  Possibly flaky:  java.lang.Long.getLong(java.lang.String)
bennidi-lab
  Possibly flaky:  net.engio.pips.lab.Executions.getMatching(java.lang.String)
  Possibly flaky:  net.engio.pips.lab.Executions.getMatching(java.lang.String)
  Possibly flaky:  net.engio.pips.lab.Executions.getAll(java.lang.Object)
  Possibly flaky:  net.engio.pips.lab.Executions.getAll(java.lang.Object)
  Possibly flaky:  net.engio.pips.lab.ExecutionContext.getAll(java.lang.Object)
  Possibly flaky:  net.engio.pips.lab.workload.Workload.started()
  Possibly flaky:  net.engio.pips.lab.workload.Workload.handle(net.engio.pips.lab.workload.ExecutionEvent,net.engio.pips.lab.workload.ExecutionHandler)
  Possibly flaky:  net.engio.pips.lab.workload.Workload$DurationSpecification.lasts(int,java.util.concurrent.TimeUnit)
  Possibly flaky:  net.engio.pips.lab.ExecutionContext.getExecutionTime()
  Possibly flaky:  net.engio.pips.lab.ExecutionContext.bind(java.lang.String,java.lang.Object)
WesleyOne-qy-weixin-robot-spring-boot-starter
  Possibly flaky:  java.lang.Thread.toString()
  Possibly flaky:  java.lang.String.valueOf(long)
  Possibly flaky:  java.lang.Long.valueOf(long)
  Possibly flaky:  java.lang.Long.toString(long)
  Possibly flaky:  java.lang.Long.toOctalString(long)
  Possibly flaky:  java.lang.Long.toHexString(long)
  Possibly flaky:  java.lang.Long.toBinaryString(long)
  Possibly flaky:  io.github.wesleyone.qy.weixin.robot.common.QyWeixinRobotKey$SelectKey.toString()
  Possibly flaky:  io.github.wesleyone.qy.weixin.robot.common.QyWeixinRobotKey.decrement()
  Possibly flaky:  io.github.wesleyone.qy.weixin.robot.common.QyWeixinRobotThreadFactory.newThread(java.lang.Runnable)
j256-simplemetrics
  Possibly flaky:  com.j256.simplemetrics.metric.ControlledMetricTimer.stop(long)
  Possibly flaky:  com.j256.simplemetrics.metric.ControlledMetricTimer.start()
  Possibly flaky:  java.lang.String.valueOf(long)
  Possibly flaky:  java.lang.Long.valueOf(long)
  Possibly flaky:  java.lang.Long.toString(long)
  Possibly flaky:  java.lang.Long.toOctalString(long)
  Possibly flaky:  java.lang.Long.toHexString(long)
  Possibly flaky:  java.lang.Long.toBinaryString(long)
michaelmosmann-embedmongo-flapdoodle-de
  Possibly flaky:  de.flapdoodle.embedmongo.extract.ZipExtractor.extract(de.flapdoodle.embedmongo.config.RuntimeConfig,java.io.File,java.io.File,java.util.regex.Pattern)
  Possibly flaky:  de.flapdoodle.embedmongo.extract.UUIDTempNaming.nameFor(java.lang.String,java.lang.String)
  Possibly flaky:  de.flapdoodle.embedmongo.extract.ITempNaming.nameFor(java.lang.String,java.lang.String)
  Possibly flaky:  de.flapdoodle.embedmongo.Files.createTempDir(java.lang.String)
  Possibly flaky:  de.flapdoodle.embedmongo.extract.TgzExtractor.extract(de.flapdoodle.embedmongo.config.RuntimeConfig,java.io.File,java.io.File,java.util.regex.Pattern)
  Possibly flaky:  de.flapdoodle.embedmongo.Files.forceDelete(java.io.File)
  Possibly flaky:  de.flapdoodle.embedmongo.Files.moveFile(java.io.File,java.io.File)
  Possibly flaky:  de.flapdoodle.embedmongo.Files.write(java.io.InputStream,long,java.io.File)
  Possibly flaky:  de.flapdoodle.embedmongo.extract.IExtractor.extract(de.flapdoodle.embedmongo.config.RuntimeConfig,java.io.File,java.io.File,java.util.regex.Pattern)
  Possibly flaky:  de.flapdoodle.embedmongo.MongodExecutable.start()
StefaniniInspiring-pugtsdb
  Possibly flaky:  com.inspiring.pugtsdb.time.Interval.toString()
  Possibly flaky:  com.inspiring.pugtsdb.time.Interval.getUntilTime()
  Possibly flaky:  com.inspiring.pugtsdb.time.Interval.getFromTime()
  Possibly flaky:  com.inspiring.pugtsdb.time.Interval$Builder.fromWeeksAgo(long)
  Possibly flaky:  com.inspiring.pugtsdb.time.Interval$Builder.fromDaysAgo(long)
  Possibly flaky:  com.inspiring.pugtsdb.time.Interval.ofLastMonths(long)
  Possibly flaky:  java.lang.String.valueOf(long)
  Possibly flaky:  java.lang.Long.valueOf(long)
  Possibly flaky:  java.lang.Long.toString(long)
  Possibly flaky:  java.lang.Long.toOctalString(long)
edgar615-util
  Possibly flaky:  java.util.UUID.toString()
  Possibly flaky:  java.util.AbstractCollection.toArray()
  Possibly flaky:  com.github.edgar615.util.uuid.UUIDFactory.uuid()
  Possibly flaky:  com.github.edgar615.util.uuid.UUIDFactory.concurrentUUIDFactory()
  Possibly flaky:  com.github.edgar615.util.uuid.DefaultUUIDFactory.uuid()
  Possibly flaky:  com.github.edgar615.util.collection.ArraySkipList.get(java.util.UUID)
  Possibly flaky:  com.github.edgar615.util.collection.ArraySkipList.findRange(java.util.UUID,java.util.UUID)
  Possibly flaky:  com.github.edgar615.util.collection.ArraySkipList.add(java.util.UUID,java.lang.Object[])
  Possibly flaky:  com.github.edgar615.util.base.Randoms.randomString(int,java.lang.String)
  Possibly flaky:  com.github.edgar615.util.base.Randoms.randomNumber(int)
j256-simplejmx
  Possibly flaky:  com.j256.simplejmx.server.JmxServer.start()
  Possibly flaky:  com.j256.simplejmx.server.JmxServer.close()
yankeguo-xlog-java
  Possibly flaky:  net.landzero.xlog.utils.Hex.randomHex16()
  Possibly flaky:  net.landzero.xlog.utils.Dates.yesterday()
  Possibly flaky:  net.landzero.xlog.utils.CallerInfo.getMethodName()
  Possibly flaky:  net.landzero.xlog.utils.CallerInfo.getClassName()
  Possibly flaky:  net.landzero.xlog.mybatis.TrackEvent.getSqlDigest()
  Possibly flaky:  net.landzero.xlog.mybatis.TrackEvent.getDuration()
  Possibly flaky:  net.landzero.xlog.http.AccessEvent.setHeaderVerInfo(java.util.ArrayList<java.lang.String>)
  Possibly flaky:  net.landzero.xlog.XLogEvent.setTimestamp(java.util.Date)
  Possibly flaky:  net.landzero.xlog.XLogEvent.getProject()
  Possibly flaky:  net.landzero.xlog.XLog.crid()
swiftech-swifttime
  Possibly flaky:  java.util.Calendar.getInstance()
  Possibly flaky:  com.github.swiftech.swifttime.TimeFormatBuilder.format(long)
  Possibly flaky:  com.github.swiftech.swifttime.TimeFormatBuilder.format(java.util.Calendar)
  Possibly flaky:  java.util.GregorianCalendar.setTimeZone(java.util.TimeZone)
  Possibly flaky:  java.util.Calendar.getInstance(java.util.TimeZone)
  Possibly flaky:  java.util.GregorianCalendar.getTimeZone()
  Possibly flaky:  java.util.Calendar.setTimeInMillis(long)
  Possibly flaky:  java.util.Calendar.isSet(int)
  Possibly flaky:  com.github.swiftech.swifttime.TimeFormatBuilder.format(java.util.Date)
  Possibly flaky:  com.github.swiftech.swifttime.TimeFormatBuilder.blank()
rolfl-MicroBench
  Possibly flaky:  net.tuis.ubench.UUtils.readResource(java.lang.String)
  Possibly flaky:  java.lang.String.toUpperCase()
  Possibly flaky:  java.lang.String.toString()
  Possibly flaky:  java.lang.String.toLowerCase()
  Possibly flaky:  java.lang.String.intern()
  Possibly flaky:  java.lang.Short.valueOf(java.lang.String)
  Possibly flaky:  java.lang.Short.decode(java.lang.String)
  Possibly flaky:  java.lang.Long.valueOf(java.lang.String)
  Possibly flaky:  java.lang.Long.getLong(java.lang.String)
  Possibly flaky:  java.lang.Long.decode(java.lang.String)
maxonrow-mxw-sdk-java
  Possibly flaky:  com.mxw.crypto.SecretStorageUtils.generateNewWalletFile(java.lang.String,java.io.File)
  Possibly flaky:  com.mxw.crypto.SecretStorageUtils.generateFullNewWalletFile(java.lang.String,java.io.File)
  Possibly flaky:  com.mxw.Wallet.getPublicKey()
  Possibly flaky:  com.mxw.Wallet.getPrivateKey()
  Possibly flaky:  com.mxw.Wallet.getAccountNumber()
  Possibly flaky:  com.mxw.Wallet.encryptWalletJson(java.lang.String)
  Possibly flaky:  com.mxw.Wallet.createNewWallet()
  Possibly flaky:  com.mxw.Wallet.getProvider()
  Possibly flaky:  java.lang.String.toUpperCase()
  Possibly flaky:  java.lang.String.toString()
huchengming-In-Memory-Counter
  Possibly flaky:  hu.chengming.util.InMemoryClock.currentTimestamp()
  Possibly flaky:  hu.chengming.util.InMemoryClock.currentTimeMillis()
  Possibly flaky:  hu.chengming.util.InMemoryClock.getInstance()
  Possibly flaky:  java.lang.Object.getClass()
  Possibly flaky:  java.lang.String.valueOf(long)
  Possibly flaky:  java.lang.Long.valueOf(long)
  Possibly flaky:  java.lang.Long.toString(long)
  Possibly flaky:  java.lang.Long.toOctalString(long)
  Possibly flaky:  java.lang.Long.toHexString(long)
  Possibly flaky:  java.lang.Long.toBinaryString(long)
resourcepool-little-bob
  Possibly flaky:  io.resourcepool.util.NicknameCreator.fromFirstName(java.lang.String,io.resourcepool.model.Language)
  Possibly flaky:  io.resourcepool.dictionary.impl.GivenNamesDictionary.pick(io.resourcepool.model.Language)
  Possibly flaky:  io.resourcepool.dictionary.Dictionary.pick(io.resourcepool.model.Language)
  Possibly flaky:  io.resourcepool.generator.Query$Builder.count(int)
  Possibly flaky:  io.resourcepool.dictionary.Dictionary.size(io.resourcepool.model.Language[])
  Possibly flaky:  io.resourcepool.dictionary.impl.SurnamesDictionary.pick()
  Possibly flaky:  io.resourcepool.generator.Query$Builder.languages(io.resourcepool.model.Language[])
  Possibly flaky:  io.resourcepool.generator.Query.builder()
  Possibly flaky:  io.resourcepool.dictionary.impl.SurnamesDictionary.size()
  Possibly flaky:  io.resourcepool.dictionary.Dictionary.pick()
testinfected-time
  Possibly flaky:  org.testinfected.time.lib.SystemClock.now()
  Possibly flaky:  java.lang.String.toUpperCase()
  Possibly flaky:  java.lang.String.toString()
  Possibly flaky:  java.lang.String.toLowerCase()
  Possibly flaky:  java.lang.String.intern()
  Possibly flaky:  java.lang.Short.valueOf(java.lang.String)
  Possibly flaky:  java.lang.Short.decode(java.lang.String)
  Possibly flaky:  java.lang.Long.valueOf(java.lang.String)
  Possibly flaky:  java.lang.Long.getLong(java.lang.String)
  Possibly flaky:  java.lang.Long.decode(java.lang.String)
BriteSnow-jomni
  Possibly flaky:  org.jomni.util.Maps.namesValuesOf(java.util.Map)
  Possibly flaky:  org.jomni.util.Maps.setOf(java.util.LinkedHashSet<org.jomni.JomniBuilder>[])
  Possibly flaky:  java.util.Collections.addAll(java.util.Collection<org.jomni.JomniBuilder>,org.jomni.JomniBuilder[])
  Possibly flaky:  org.jomni.util.Maps.asFlatMap(java.util.Map<java.lang.String,java.lang.Object>)
  Possibly flaky:  org.jomni.util.Maps.mapOf(java.lang.Object[])
  Possibly flaky:  org.jomni.JomniMapper.asMap(java.lang.Object)
  Possibly flaky:  org.jomni.JomniBuilder.build()
julman99-gson-fire
  Possibly flaky:  java.util.Calendar.toString()
  Possibly flaky:  java.text.DateFormat.getCalendar()
  Possibly flaky:  java.text.DateFormat.setNumberFormat(java.text.NumberFormat)
  Possibly flaky:  java.text.DateFormat.getNumberFormat()
  Possibly flaky:  java.text.Format.formatToCharacterIterator(java.lang.Object)
  Possibly flaky:  java.text.DateFormat.getInstance()
  Possibly flaky:  java.text.DateFormat.getDateInstance(int)
  Possibly flaky:  java.text.Format.parseObject(java.lang.String)
  Possibly flaky:  java.text.DateFormat.setCalendar(java.util.Calendar)
  Possibly flaky:  java.text.Format.format(java.lang.Object)
DataONEorg-d1-cn-common
  Possibly flaky:  org.dataone.cn.log.MetricLogEntry.toString()
  Possibly flaky:  org.dataone.cn.log.MetricLogEntry.setTimeToCompleteEventMS(java.lang.Long)
  Possibly flaky:  org.dataone.cn.log.MetricLogEntry.setDateLogged(java.util.Date)
  Possibly flaky:  org.dataone.cn.log.MetricLogEntry.getDateLogged()
  Possibly flaky:  org.dataone.cn.log.AuditLogWriteClient.removeReplicaAuditEvent(org.dataone.cn.log.AuditLogEntry)
  Possibly flaky:  org.dataone.cn.log.AuditLogQueryClient.queryLog(org.dataone.cn.log.AuditLogEntry,java.lang.Integer,java.lang.Integer)
  Possibly flaky:  org.dataone.cn.log.AuditLogEntry.setNodeId(java.lang.String)
  Possibly flaky:  org.dataone.cn.log.AuditLogClientSplunkImpl.queryLog(java.lang.String,java.lang.Integer,java.lang.Integer)
  Possibly flaky:  org.dataone.cn.log.AuditLogClientSplunkImpl.logAuditEvent(org.dataone.cn.log.AuditLogEntry)
  Possibly flaky:  org.dataone.cn.log.AuditLogClientSolrImpl.queryLog(org.dataone.cn.log.AuditLogEntry,java.lang.Integer,java.lang.Integer)
fabric8io-zjsonpatch
  Possibly flaky:  java.util.EnumSet.noneOf(java.lang.Class<T>)
  Possibly flaky:  java.util.Collections.addAll(java.util.Collection<io.fabric8.zjsonpatch.CompatibilityFlags>,io.fabric8.zjsonpatch.CompatibilityFlags[])
  Possibly flaky:  java.util.Collections.addAll(java.util.Collection<java.lang.Object[]>,java.lang.Object[][])
  Possibly flaky:  io.fabric8.zjsonpatch.internal.guava.Preconditions.checkNotNull(io.fabric8.zjsonpatch.CompatibilityFlags,java.lang.String,java.lang.Object[])
  Possibly flaky:  io.fabric8.zjsonpatch.internal.guava.Preconditions.checkNotNull(io.fabric8.zjsonpatch.NoopProcessor,java.lang.String,java.lang.Object[])
  Possibly flaky:  io.fabric8.zjsonpatch.internal.collections4.sequence.SequencesComparator.getScript()
  Possibly flaky:  io.fabric8.zjsonpatch.internal.collections4.Equator.hash(io.fabric8.zjsonpatch.JsonPatchApplicationException)
  Possibly flaky:  io.fabric8.zjsonpatch.internal.collections4.Equator.equate(io.fabric8.zjsonpatch.JsonPatchApplicationException,io.fabric8.zjsonpatch.JsonPatchApplicationException)
  Possibly flaky:  io.fabric8.zjsonpatch.internal.collections4.DefaultEquator.defaultEquator()
  Possibly flaky:  io.fabric8.zjsonpatch.internal.collections4.DefaultEquator.hash(io.fabric8.zjsonpatch.JsonPatchApplicationException)
stoyanr-Evictor
  Possibly flaky:  com.stoyanr.evictor.EvictionQueue.putEntry(com.stoyanr.evictor.map.EvictibleEntry<java.lang.Enum<java.util.concurrent.TimeUnit>,java.lang.CharSequence>)
  Possibly flaky:  java.util.AbstractMap.putAll(java.util.Map<com.stoyanr.evictor.queue.PriorityEvictionQueue<java.lang.Enum<java.util.concurrent.TimeUnit>,java.lang.CharSequence>,java.lang.Comparable<java.lang.String>>)
  Possibly flaky:  java.util.Map.putAll(java.util.Map<com.stoyanr.evictor.queue.PriorityEvictionQueue<java.lang.Enum<java.util.concurrent.TimeUnit>,java.lang.CharSequence>,java.lang.Comparable<java.lang.String>>)
  Possibly flaky:  com.stoyanr.evictor.map.ConcurrentMapWithTimedEvictionDecorator.replace(com.stoyanr.evictor.queue.PriorityEvictionQueue<java.lang.Enum<java.util.concurrent.TimeUnit>,java.lang.CharSequence>,java.lang.Comparable<java.lang.String>,long)
  Possibly flaky:  java.util.Map.equals(java.lang.Object)
  Possibly flaky:  java.util.Map.keySet()
  Possibly flaky:  java.util.AbstractMap.toString()
  Possibly flaky:  com.stoyanr.evictor.ConcurrentMapWithTimedEviction.putIfAbsent(com.stoyanr.evictor.queue.PriorityEvictionQueue<java.lang.Enum<java.util.concurrent.TimeUnit>,java.lang.CharSequence>,java.lang.Comparable<java.lang.String>,long)
  Possibly flaky:  com.stoyanr.evictor.ConcurrentMapWithTimedEviction.replace(com.stoyanr.evictor.queue.PriorityEvictionQueue<java.lang.Enum<java.util.concurrent.TimeUnit>,java.lang.CharSequence>,java.lang.Comparable<java.lang.String>,java.lang.Comparable<java.lang.String>,long)
  Possibly flaky:  java.util.concurrent.ConcurrentMap.replace(com.stoyanr.evictor.queue.PriorityEvictionQueue<java.lang.Enum<java.util.concurrent.TimeUnit>,java.lang.CharSequence>,java.lang.Comparable<java.lang.String>,java.lang.Comparable<java.lang.String>)
seasarorg-mayaa
  Possibly flaky:  org.seasar.mayaa.impl.CycleLocalVariablesImpl.clearGlobalVariable(java.lang.String)
