Apache Maven 3.8.8 (4c87b05d9aedce574290d1acc98575ed5eb6cd39)
Maven home: /workspace/apache-maven-3.8.8
Java version: 1.8.0_422, vendor: Temurin, runtime: /shared-data/jdk8u422-b05/jre
Default locale: en_US, platform encoding: UTF-8
OS name: "linux", version: "6.8.0-47-generic", arch: "amd64", family: "unix"
       language  ... num_randomOrder_runs
499        Java  ...                 65.0
5664       Java  ...                 63.0
5665       Java  ...                 63.0
5667       Java  ...                 63.0
5669       Java  ...                 63.0
...         ...  ...                  ...
708028     Java  ...                 61.0
713108     Java  ...                  1.0
731949     Java  ...                 73.0
733065     Java  ...                 71.0
733106     Java  ...                 66.0

[698 rows x 13 columns]
/workspace/benchmarks/projects//activiti-activiti
/shared-data/jdk-inst-controltrack//bin/java -javaagent:/shared-data/phosphor-flakyTracker/Phosphor/target/Phosphor-0.0.5-SNAPSHOT.jar -Xbootclasspath/a:/shared-data/phosphor-flakyTracker/Phosphor/target/Phosphor-0.0.5-SNAPSHOT.jar  -cp $(find /workspace/benchmarks/projects//activiti-activiti -name "classes" -type d | paste -sd :):$(find /workspace/benchmarks/projects//activiti-activiti -name "test-classes" -type d | paste -sd :):$(find /tmp/jars -name "*.jar" -type f | paste -sd :)::$(find /workspace/benchmarks/projects//activiti-activiti -name "dependency" -type d | paste -sd :):/shared-data/common-jar/randoop-all-4.3.3.jar:/shared-data/common-jar/junit-4.13.2.jar:/shared-data/common-jar/hamcrest-core-2.2.jar:/shared-data/common-jar/guava-33.0.0-jre.jar org.junit.runner.JUnitCore org.activiti.spring.test.servicetask
/shared-data/jdk-inst-controltrack//bin/java -javaagent:/shared-data/phosphor-flakyTracker/Phosphor/target/Phosphor-0.0.5-SNAPSHOT.jar -Xbootclasspath/a:/shared-data/phosphor-flakyTracker/Phosphor/target/Phosphor-0.0.5-SNAPSHOT.jar  -cp $(find /workspace/benchmarks/projects//activiti-activiti -name "classes" -type d | paste -sd :):$(find /workspace/benchmarks/projects//activiti-activiti -name "test-classes" -type d | paste -sd :):$(find /tmp/jars -name "*.jar" -type f | paste -sd :)::$(find /workspace/benchmarks/projects//activiti-activiti -name "dependency" -type d | paste -sd :):/shared-data/common-jar/randoop-all-4.3.3.jar:/shared-data/common-jar/junit-4.13.2.jar:/shared-data/common-jar/hamcrest-core-2.2.jar:/shared-data/common-jar/guava-33.0.0-jre.jar org.junit.runner.JUnitCore org.activiti.spring.test.servicetask
/shared-data/jdk-inst-controltrack//bin/java -javaagent:/shared-data/phosphor-flakyTracker/Phosphor/target/Phosphor-0.0.5-SNAPSHOT.jar -Xbootclasspath/a:/shared-data/phosphor-flakyTracker/Phosphor/target/Phosphor-0.0.5-SNAPSHOT.jar  -cp $(find /workspace/benchmarks/projects//activiti-activiti -name "classes" -type d | paste -sd :):$(find /workspace/benchmarks/projects//activiti-activiti -name "test-classes" -type d | paste -sd :):$(find /tmp/jars -name "*.jar" -type f | paste -sd :)::$(find /workspace/benchmarks/projects//activiti-activiti -name "dependency" -type d | paste -sd :):/shared-data/common-jar/randoop-all-4.3.3.jar:/shared-data/common-jar/junit-4.13.2.jar:/shared-data/common-jar/hamcrest-core-2.2.jar:/shared-data/common-jar/guava-33.0.0-jre.jar org.junit.runner.JUnitCore org.activiti.spring.test.servicetask
/shared-data/jdk-inst-controltrack//bin/java -javaagent:/shared-data/phosphor-flakyTracker/Phosphor/target/Phosphor-0.0.5-SNAPSHOT.jar -Xbootclasspath/a:/shared-data/phosphor-flakyTracker/Phosphor/target/Phosphor-0.0.5-SNAPSHOT.jar  -cp $(find /workspace/benchmarks/projects//activiti-activiti -name "classes" -type d | paste -sd :):$(find /workspace/benchmarks/projects//activiti-activiti -name "test-classes" -type d | paste -sd :):$(find /tmp/jars -name "*.jar" -type f | paste -sd :)::$(find /workspace/benchmarks/projects//activiti-activiti -name "dependency" -type d | paste -sd :):/shared-data/common-jar/randoop-all-4.3.3.jar:/shared-data/common-jar/junit-4.13.2.jar:/shared-data/common-jar/hamcrest-core-2.2.jar:/shared-data/common-jar/guava-33.0.0-jre.jar org.junit.runner.JUnitCore org.activiti.spring.test.servicetask
/shared-data/jdk-inst-controltrack//bin/java -javaagent:/shared-data/phosphor-flakyTracker/Phosphor/target/Phosphor-0.0.5-SNAPSHOT.jar -Xbootclasspath/a:/shared-data/phosphor-flakyTracker/Phosphor/target/Phosphor-0.0.5-SNAPSHOT.jar  -cp $(find /workspace/benchmarks/projects//activiti-activiti -name "classes" -type d | paste -sd :):$(find /workspace/benchmarks/projects//activiti-activiti -name "test-classes" -type d | paste -sd :):$(find /tmp/jars -name "*.jar" -type f | paste -sd :)::$(find /workspace/benchmarks/projects//activiti-activiti -name "dependency" -type d | paste -sd :):/shared-data/common-jar/randoop-all-4.3.3.jar:/shared-data/common-jar/junit-4.13.2.jar:/shared-data/common-jar/hamcrest-core-2.2.jar:/shared-data/common-jar/guava-33.0.0-jre.jar org.junit.runner.JUnitCore org.activiti.spring.test.servicetask

