Apache Maven 3.8.8 (4c87b05d9aedce574290d1acc98575ed5eb6cd39)
Maven home: /workspace/apache-maven-3.8.8
Java version: 1.8.0_422, vendor: Temurin, runtime: /shared-data/jdk8u422-b05/jre
Default locale: en_US, platform encoding: UTF-8
OS name: "linux", version: "6.8.0-40-generic", arch: "amd64", family: "unix"
       language  ... num_randomOrder_runs
499        Java  ...                 65.0
5664       Java  ...                 63.0
5665       Java  ...                 63.0
5667       Java  ...                 63.0
5669       Java  ...                 63.0
...         ...  ...                  ...
708028     Java  ...                 61.0
713108     Java  ...                  1.0
731949     Java  ...                 73.0
733065     Java  ...                 71.0
733106     Java  ...                 66.0

[698 rows x 13 columns]
                                  Project_Hash  ...                Project_Name
75    6b744cdbb2206feca62848df92b3bf542f890be5  ...                     mercury
77    b11f757a48600e53aaf3fcb7a3ba1ece6c463cb4  ...                    Activiti
78    b11f757a48600e53aaf3fcb7a3ba1ece6c463cb4  ...                    Activiti
79    b11f757a48600e53aaf3fcb7a3ba1ece6c463cb4  ...                    Activiti
173   f6215930b9e21a5252c95296d9924b3c4524d9f6  ...  alibabacloud-tairjedis-sdk
...                                        ...  ...                         ...
6627  8277e11fc069d8e24df0d233ef2577cc75659b75  ...                     riptide
6628  8277e11fc069d8e24df0d233ef2577cc75659b75  ...                     riptide
6632  8277e11fc069d8e24df0d233ef2577cc75659b75  ...                     riptide
6633  8277e11fc069d8e24df0d233ef2577cc75659b75  ...                     riptide
6642  8277e11fc069d8e24df0d233ef2577cc75659b75  ...                     riptide

[858 rows x 5 columns]
already analyzed org.platformlambda.automation.tests.WebSocketTests
already analyzed com.aliyun.tair.tests.tairbloom.TairBloomClusterTest
already analyzed com.aliyun.tair.tests.tairbloom.TairBloomClusterTest
already analyzed com.aliyun.tair.tests.tairbloom.TairBloomClusterTest
already analyzed com.aliyun.tair.tests.tairbloom.TairBloomClusterTest
already analyzed com.aliyun.tair.tests.tairbloom.TairBloomClusterTest
already analyzed com.aliyun.tair.tests.tairbloom.TairBloomPipelineTest
already analyzed com.aliyun.tair.tests.tairbloom.TairBloomPipelineTest
already analyzed com.aliyun.tair.tests.tairbloom.TairBloomTest
already analyzed com.aliyun.tair.tests.tairbloom.TairBloomTest
already analyzed com.aliyun.tair.tests.tairbloom.TairBloomTest
already analyzed com.aliyun.tair.tests.tairbloom.TairBloomTest
already analyzed com.aliyun.tair.tests.tairbloom.TairBloomTest
already analyzed com.aliyun.tair.tests.tairbloom.TairBloomTest
already analyzed com.aliyun.tair.tests.tairbloom.TairBloomTest
already analyzed com.aliyun.tair.tests.tairbloom.TairBloomTest
already analyzed com.aliyun.tair.tests.tairbloom.TairBloomTest
already analyzed com.aliyun.tair.tests.tairbloom.TairBloomTest
already analyzed com.aliyun.tair.tests.tairbloom.TairBloomTest
already analyzed com.aliyun.tair.tests.taircpc.TairCpcClusterTestNew
already analyzed com.aliyun.tair.tests.taircpc.TairCpcClusterTestNew
already analyzed com.aliyun.tair.tests.taircpc.TairCpcClusterTestNew
already analyzed com.aliyun.tair.tests.taircpc.TairCpcClusterTestNew
already analyzed com.aliyun.tair.tests.taircpc.TairCpcClusterTestNew
already analyzed com.aliyun.tair.tests.taircpc.TairCpcClusterTestNew
already analyzed com.aliyun.tair.tests.taircpc.TairCpcClusterTestNew
already analyzed com.aliyun.tair.tests.taircpc.TairCpcClusterTestNew
already analyzed com.aliyun.tair.tests.taircpc.TairCpcClusterTestNew
already analyzed com.aliyun.tair.tests.taircpc.TairCpcClusterTestNew
already analyzed com.aliyun.tair.tests.taircpc.TairCpcClusterTestNew
already analyzed com.aliyun.tair.tests.taircpc.TairCpcClusterTestNew
already analyzed com.aliyun.tair.tests.taircpc.TairCpcClusterTestNew
already analyzed com.aliyun.tair.tests.taircpc.TairCpcClusterTestNew
already analyzed com.aliyun.tair.tests.taircpc.TairCpcPipelineTest
already analyzed com.aliyun.tair.tests.taircpc.TairCpcTestNew
already analyzed com.aliyun.tair.tests.taircpc.TairCpcTestNew
already analyzed com.aliyun.tair.tests.taircpc.TairCpcTestNew
already analyzed com.aliyun.tair.tests.taircpc.TairCpcTestNew
already analyzed com.aliyun.tair.tests.taircpc.TairCpcTestNew
already analyzed com.aliyun.tair.tests.taircpc.TairCpcTestNew
already analyzed com.aliyun.tair.tests.taircpc.TairCpcTestNew
already analyzed com.aliyun.tair.tests.taircpc.TairCpcTestNew
already analyzed com.aliyun.tair.tests.taircpc.TairCpcTestNew
already analyzed com.aliyun.tair.tests.taircpc.TairCpcTestNew
already analyzed com.aliyun.tair.tests.taircpc.TairCpcTestNew
already analyzed com.aliyun.tair.tests.taircpc.TairCpcTestNew
already analyzed com.aliyun.tair.tests.taircpc.TairCpcTestNew
already analyzed com.aliyun.tair.tests.taircpc.TairCpcTestNew
already analyzed com.aliyun.tair.tests.tairdoc.TairDocClusterTest
already analyzed com.aliyun.tair.tests.tairdoc.TairDocClusterTest
already analyzed com.aliyun.tair.tests.tairdoc.TairDocClusterTest
already analyzed com.aliyun.tair.tests.tairdoc.TairDocClusterTest
already analyzed com.aliyun.tair.tests.tairdoc.TairDocClusterTest
already analyzed com.aliyun.tair.tests.tairdoc.TairDocClusterTest
already analyzed com.aliyun.tair.tests.tairdoc.TairDocClusterTest
already analyzed com.aliyun.tair.tests.tairdoc.TairDocClusterTest
already analyzed com.aliyun.tair.tests.tairdoc.TairDocClusterTest
already analyzed com.aliyun.tair.tests.tairdoc.TairDocClusterTest
already analyzed com.aliyun.tair.tests.tairdoc.TairDocClusterTest
already analyzed com.aliyun.tair.tests.tairdoc.TairDocClusterTest
already analyzed com.aliyun.tair.tests.tairdoc.TairDocClusterTest
already analyzed com.aliyun.tair.tests.tairdoc.TairDocClusterTest
already analyzed com.aliyun.tair.tests.tairdoc.TairDocClusterTest
already analyzed com.aliyun.tair.tests.tairdoc.TairDocClusterTest
already analyzed com.aliyun.tair.tests.tairdoc.TairDocClusterTest
already analyzed com.aliyun.tair.tests.tairdoc.TairDocClusterTest
already analyzed com.aliyun.tair.tests.tairdoc.TairDocClusterTest
already analyzed com.aliyun.tair.tests.tairdoc.TairDocClusterTest
already analyzed com.aliyun.tair.tests.tairdoc.TairDocClusterTest
already analyzed com.aliyun.tair.tests.tairdoc.TairDocPipelineTest
already analyzed com.aliyun.tair.tests.tairdoc.TairDocPipelineTest
already analyzed com.aliyun.tair.tests.tairdoc.TairDocPipelineTest
already analyzed com.aliyun.tair.tests.tairdoc.TairDocTest
already analyzed com.aliyun.tair.tests.tairdoc.TairDocTest
already analyzed com.aliyun.tair.tests.tairdoc.TairDocTest
already analyzed com.aliyun.tair.tests.tairdoc.TairDocTest
already analyzed com.aliyun.tair.tests.tairdoc.TairDocTest
already analyzed com.aliyun.tair.tests.tairdoc.TairDocTest
already analyzed com.aliyun.tair.tests.tairdoc.TairDocTest
already analyzed com.aliyun.tair.tests.tairdoc.TairDocTest
already analyzed com.aliyun.tair.tests.tairdoc.TairDocTest
already analyzed com.aliyun.tair.tests.tairdoc.TairDocTest
already analyzed com.aliyun.tair.tests.tairdoc.TairDocTest
already analyzed com.aliyun.tair.tests.tairdoc.TairDocTest
already analyzed com.aliyun.tair.tests.tairdoc.TairDocTest
already analyzed com.aliyun.tair.tests.tairdoc.TairDocTest
already analyzed com.aliyun.tair.tests.tairdoc.TairDocTest
already analyzed com.aliyun.tair.tests.tairdoc.TairDocTest
already analyzed com.aliyun.tair.tests.tairdoc.TairDocTest
already analyzed com.aliyun.tair.tests.tairdoc.TairDocTest
already analyzed com.aliyun.tair.tests.tairdoc.TairDocTest
already analyzed com.aliyun.tair.tests.tairdoc.TairDocTest
already analyzed com.aliyun.tair.tests.tairdoc.TairDocTest
already analyzed com.aliyun.tair.tests.tairgis.TairGisClusterTest
already analyzed com.aliyun.tair.tests.tairgis.TairGisClusterTest
already analyzed com.aliyun.tair.tests.tairgis.TairGisClusterTest
already analyzed com.aliyun.tair.tests.tairgis.TairGisClusterTest
already analyzed com.aliyun.tair.tests.tairgis.TairGisClusterTest
already analyzed com.aliyun.tair.tests.tairgis.TairGisClusterTest
already analyzed com.aliyun.tair.tests.tairgis.TairGisClusterTest
already analyzed com.aliyun.tair.tests.tairgis.TairGisClusterTest
already analyzed com.aliyun.tair.tests.tairgis.TairGisClusterTest
already analyzed com.aliyun.tair.tests.tairgis.TairGisPipelineTest
already analyzed com.aliyun.tair.tests.tairgis.TairGisPipelineTest
already analyzed com.aliyun.tair.tests.tairgis.TairGisTest
already analyzed com.aliyun.tair.tests.tairgis.TairGisTest
already analyzed com.aliyun.tair.tests.tairgis.TairGisTest
already analyzed com.aliyun.tair.tests.tairgis.TairGisTest
already analyzed com.aliyun.tair.tests.tairgis.TairGisTest
already analyzed com.aliyun.tair.tests.tairgis.TairGisTest
already analyzed com.aliyun.tair.tests.tairgis.TairGisTest
already analyzed com.aliyun.tair.tests.tairgis.TairGisTest
already analyzed com.aliyun.tair.tests.tairgis.TairGisTest
already analyzed com.aliyun.tair.tests.tairgis.TairGisTest
already analyzed com.aliyun.tair.tests.tairgis.TairGisTest
already analyzed com.aliyun.tair.tests.tairhash.TairHashClusterTest
already analyzed com.aliyun.tair.tests.tairhash.TairHashClusterTest
already analyzed com.aliyun.tair.tests.tairhash.TairHashClusterTest
already analyzed com.aliyun.tair.tests.tairhash.TairHashClusterTest
already analyzed com.aliyun.tair.tests.tairhash.TairHashClusterTest
already analyzed com.aliyun.tair.tests.tairhash.TairHashClusterTest
already analyzed com.aliyun.tair.tests.tairhash.TairHashClusterTest
already analyzed com.aliyun.tair.tests.tairhash.TairHashClusterTest
already analyzed com.aliyun.tair.tests.tairhash.TairHashClusterTest
already analyzed com.aliyun.tair.tests.tairhash.TairHashClusterTest
already analyzed com.aliyun.tair.tests.tairhash.TairHashClusterTest
already analyzed com.aliyun.tair.tests.tairhash.TairHashClusterTest
already analyzed com.aliyun.tair.tests.tairhash.TairHashClusterTest
already analyzed com.aliyun.tair.tests.tairhash.TairHashClusterTest
already analyzed com.aliyun.tair.tests.tairhash.TairHashClusterTest
already analyzed com.aliyun.tair.tests.tairhash.TairHashClusterTest
already analyzed com.aliyun.tair.tests.tairhash.TairHashClusterTest
already analyzed com.aliyun.tair.tests.tairhash.TairHashClusterTest
already analyzed com.aliyun.tair.tests.tairhash.TairHashClusterTest
already analyzed com.aliyun.tair.tests.tairhash.TairHashClusterTest
already analyzed com.aliyun.tair.tests.tairhash.TairHashClusterTest
already analyzed com.aliyun.tair.tests.tairhash.TairHashClusterTest
already analyzed com.aliyun.tair.tests.tairhash.TairHashClusterTest
already analyzed com.aliyun.tair.tests.tairhash.TairHashClusterTest
already analyzed com.aliyun.tair.tests.tairhash.TairHashClusterTest
already analyzed com.aliyun.tair.tests.tairhash.TairHashClusterTest
already analyzed com.aliyun.tair.tests.tairhash.TairHashClusterTest
already analyzed com.aliyun.tair.tests.tairhash.TairHashClusterTest
already analyzed com.aliyun.tair.tests.tairhash.TairHashClusterTest
already analyzed com.aliyun.tair.tests.tairhash.TairHashClusterTest
already analyzed com.aliyun.tair.tests.tairhash.TairHashClusterTest
already analyzed com.aliyun.tair.tests.tairhash.TairHashClusterTest
already analyzed com.aliyun.tair.tests.tairhash.TairHashClusterTest
already analyzed com.aliyun.tair.tests.tairhash.TairHashClusterTest
already analyzed com.aliyun.tair.tests.tairhash.TairHashClusterTest
already analyzed com.aliyun.tair.tests.tairhash.TairHashClusterTest
already analyzed com.aliyun.tair.tests.tairhash.TairHashClusterTest
already analyzed com.aliyun.tair.tests.tairhash.TairHashClusterTest
already analyzed com.aliyun.tair.tests.tairhash.TairHashPipelineTest
already analyzed com.aliyun.tair.tests.tairhash.TairHashPipelineTest
already analyzed com.aliyun.tair.tests.tairhash.TairHashPipelineTest
already analyzed com.aliyun.tair.tests.tairhash.TairHashPipelineTest
already analyzed com.aliyun.tair.tests.tairhash.TairHashPipelineTest
already analyzed com.aliyun.tair.tests.tairhash.TairHashPipelineTest
already analyzed com.aliyun.tair.tests.tairhash.TairHashTest
already analyzed com.aliyun.tair.tests.tairhash.TairHashTest
already analyzed com.aliyun.tair.tests.tairhash.TairHashTest
already analyzed com.aliyun.tair.tests.tairhash.TairHashTest
already analyzed com.aliyun.tair.tests.tairhash.TairHashTest
already analyzed com.aliyun.tair.tests.tairhash.TairHashTest
already analyzed com.aliyun.tair.tests.tairhash.TairHashTest
already analyzed com.aliyun.tair.tests.tairhash.TairHashTest
already analyzed com.aliyun.tair.tests.tairhash.TairHashTest
already analyzed com.aliyun.tair.tests.tairhash.TairHashTest
already analyzed com.aliyun.tair.tests.tairhash.TairHashTest
already analyzed com.aliyun.tair.tests.tairhash.TairHashTest
already analyzed com.aliyun.tair.tests.tairhash.TairHashTest
already analyzed com.aliyun.tair.tests.tairhash.TairHashTest
already analyzed com.aliyun.tair.tests.tairhash.TairHashTest
already analyzed com.aliyun.tair.tests.tairhash.TairHashTest
already analyzed com.aliyun.tair.tests.tairhash.TairHashTest
already analyzed com.aliyun.tair.tests.tairhash.TairHashTest
already analyzed com.aliyun.tair.tests.tairhash.TairHashTest
already analyzed com.aliyun.tair.tests.tairhash.TairHashTest
already analyzed com.aliyun.tair.tests.tairhash.TairHashTest
already analyzed com.aliyun.tair.tests.tairhash.TairHashTest
already analyzed com.aliyun.tair.tests.tairhash.TairHashTest
already analyzed com.aliyun.tair.tests.tairhash.TairHashTest
already analyzed com.aliyun.tair.tests.tairhash.TairHashTest
already analyzed com.aliyun.tair.tests.tairhash.TairHashTest
already analyzed com.aliyun.tair.tests.tairhash.TairHashTest
already analyzed com.aliyun.tair.tests.tairhash.TairHashTest
already analyzed com.aliyun.tair.tests.tairhash.TairHashTest
already analyzed com.aliyun.tair.tests.tairhash.TairHashTest
already analyzed com.aliyun.tair.tests.tairhash.TairHashTest
already analyzed com.aliyun.tair.tests.tairhash.TairHashTest
already analyzed com.aliyun.tair.tests.tairhash.TairHashTest
already analyzed com.aliyun.tair.tests.tairhash.TairHashTest
already analyzed com.aliyun.tair.tests.tairhash.TairHashTest
already analyzed com.aliyun.tair.tests.tairhash.TairHashTest
already analyzed com.aliyun.tair.tests.tairhash.TairHashTest
already analyzed com.aliyun.tair.tests.tairhash.TairHashTest
already analyzed com.aliyun.tair.tests.tairhash.TairHashTest
already analyzed com.aliyun.tair.tests.tairhash.TairHashTest
already analyzed com.aliyun.tair.tests.tairhash.TairHashTest
already analyzed com.aliyun.tair.tests.tairhash.TairHashTest
already analyzed com.aliyun.tair.tests.tairhash.TairHashTest
already analyzed com.aliyun.tair.tests.tairroaring.TairRoaringClusterTest
already analyzed com.aliyun.tair.tests.tairroaring.TairRoaringPipelineTest
already analyzed com.aliyun.tair.tests.tairroaring.TairRoaringPipelineTest
already analyzed com.aliyun.tair.tests.tairroaring.TairRoaringTest
already analyzed com.aliyun.tair.tests.tairroaring.TairRoaringTest
already analyzed com.aliyun.tair.tests.tairroaring.TairRoaringTest
already analyzed com.aliyun.tair.tests.tairroaring.TairRoaringTest
already analyzed com.aliyun.tair.tests.tairroaring.TairRoaringTest
already analyzed com.aliyun.tair.tests.tairroaring.TairRoaringTest
already analyzed com.aliyun.tair.tests.tairsearch.TairSearchClusterTest
already analyzed com.aliyun.tair.tests.tairsearch.TairSearchClusterTest
already analyzed com.aliyun.tair.tests.tairsearch.TairSearchClusterTest
already analyzed com.aliyun.tair.tests.tairsearch.TairSearchClusterTest
already analyzed com.aliyun.tair.tests.tairsearch.TairSearchClusterTest
already analyzed com.aliyun.tair.tests.tairsearch.TairSearchClusterTest
already analyzed com.aliyun.tair.tests.tairsearch.TairSearchClusterTest
already analyzed com.aliyun.tair.tests.tairsearch.TairSearchClusterTest
already analyzed com.aliyun.tair.tests.tairsearch.TairSearchClusterTest
already analyzed com.aliyun.tair.tests.tairsearch.TairSearchPipelineTest
already analyzed com.aliyun.tair.tests.tairsearch.TairSearchTest
already analyzed com.aliyun.tair.tests.tairsearch.TairSearchTest
already analyzed com.aliyun.tair.tests.tairsearch.TairSearchTest
already analyzed com.aliyun.tair.tests.tairsearch.TairSearchTest
already analyzed com.aliyun.tair.tests.tairsearch.TairSearchTest
already analyzed com.aliyun.tair.tests.tairsearch.TairSearchTest
already analyzed com.aliyun.tair.tests.tairsearch.TairSearchTest
already analyzed com.aliyun.tair.tests.tairsearch.TairSearchTest
already analyzed com.aliyun.tair.tests.tairsearch.TairSearchTest
already analyzed com.aliyun.tair.tests.tairsearch.TairSearchTest
already analyzed com.aliyun.tair.tests.tairsearch.TairSearchTest
already analyzed com.aliyun.tair.tests.tairstring.TairStringClusterTest
already analyzed com.aliyun.tair.tests.tairstring.TairStringClusterTest
already analyzed com.aliyun.tair.tests.tairstring.TairStringClusterTest
already analyzed com.aliyun.tair.tests.tairstring.TairStringClusterTest
already analyzed com.aliyun.tair.tests.tairstring.TairStringClusterTest
already analyzed com.aliyun.tair.tests.tairstring.TairStringClusterTest
already analyzed com.aliyun.tair.tests.tairstring.TairStringPipelineTest
already analyzed com.aliyun.tair.tests.tairstring.TairStringPipelineTest
already analyzed com.aliyun.tair.tests.tairstring.TairStringPipelineTest
already analyzed com.aliyun.tair.tests.tairstring.TairStringPipelineTest
already analyzed com.aliyun.tair.tests.tairstring.TairStringPipelineTest
already analyzed com.aliyun.tair.tests.tairstring.TairStringPipelineTest
already analyzed com.aliyun.tair.tests.tairstring.TairStringTest
already analyzed com.aliyun.tair.tests.tairstring.TairStringTest
already analyzed com.aliyun.tair.tests.tairstring.TairStringTest
already analyzed com.aliyun.tair.tests.tairstring.TairStringTest
already analyzed com.aliyun.tair.tests.tairts.TairTsStringClusterTest
already analyzed com.aliyun.tair.tests.tairts.TairTsStringTest
already analyzed com.aliyun.tair.tests.tairts.TairTsStringTest
already analyzed com.aliyun.tair.tests.tairts.TairTsStringTest
already analyzed com.aliyun.tair.tests.tairts.TairTsStringTest
already analyzed com.aliyun.tair.tests.tairts.TairTsStringTest
already analyzed com.aliyun.tair.tests.tairts.TairTsStringTest
already analyzed com.aliyun.tair.tests.tairts.TairTsStringTest
already analyzed com.aliyun.tair.tests.tairts.TairTsTest
already analyzed com.aliyun.tair.tests.tairts.TairTsTest
already analyzed com.aliyun.tair.tests.tairts.TairTsTest
already analyzed com.aliyun.tair.tests.tairts.TairTsTest
already analyzed com.aliyun.tair.tests.tairts.TairTsTest
already analyzed com.aliyun.tair.tests.tairts.TairTsTest
already analyzed com.aliyun.tair.tests.tairts.TairTsTest
already analyzed com.aliyun.tair.tests.tairts.TairTsTest
already analyzed com.aliyun.tair.tests.tairts.TairTsTest
already analyzed com.aliyun.tair.tests.tairts.TairTsTest
already analyzed com.aliyun.tair.tests.tairts.TairTsTest
already analyzed com.aliyun.tair.tests.tairts.TairTsTest
already analyzed com.aliyun.tair.tests.tairvector.TairVectorClusterTest
already analyzed com.aliyun.tair.tests.tairvector.TairVectorClusterTest
already analyzed com.aliyun.tair.tests.tairvector.TairVectorClusterTest
already analyzed com.aliyun.tair.tests.tairvector.TairVectorClusterTest
already analyzed com.aliyun.tair.tests.tairvector.TairVectorClusterTest
already analyzed com.aliyun.tair.tests.tairvector.TairVectorClusterTest
already analyzed com.aliyun.tair.tests.tairvector.TairVectorClusterTest
already analyzed com.aliyun.tair.tests.tairvector.TairVectorClusterTest
already analyzed com.aliyun.tair.tests.tairvector.TairVectorClusterTest
already analyzed com.aliyun.tair.tests.tairvector.TairVectorClusterTest
already analyzed com.aliyun.tair.tests.tairvector.TairVectorClusterTest
already analyzed com.aliyun.tair.tests.tairvector.TairVectorPipelineTest
already analyzed com.aliyun.tair.tests.tairvector.TairVectorPipelineTest
already analyzed com.aliyun.tair.tests.tairvector.TairVectorPipelineTest
already analyzed com.aliyun.tair.tests.tairvector.TairVectorPipelineTest
already analyzed com.aliyun.tair.tests.tairvector.TairVectorPipelineTest
already analyzed com.aliyun.tair.tests.tairvector.TairVectorPipelineTest
already analyzed com.aliyun.tair.tests.tairvector.TairVectorPipelineTest
already analyzed com.aliyun.tair.tests.tairvector.TairVectorPipelineTest
already analyzed com.aliyun.tair.tests.tairvector.TairVectorPipelineTest
already analyzed com.aliyun.tair.tests.tairvector.TairVectorPipelineTest
already analyzed com.aliyun.tair.tests.tairvector.TairVectorTest
already analyzed com.aliyun.tair.tests.tairvector.TairVectorTest
already analyzed com.aliyun.tair.tests.tairvector.TairVectorTest
already analyzed com.aliyun.tair.tests.tairvector.TairVectorTest
already analyzed com.aliyun.tair.tests.tairvector.TairVectorTest
already analyzed com.aliyun.tair.tests.tairvector.TairVectorTest
already analyzed com.aliyun.tair.tests.tairvector.TairVectorTest
already analyzed com.aliyun.tair.tests.tairvector.TairVectorTest
already analyzed com.aliyun.tair.tests.tairvector.TairVectorTest
already analyzed com.aliyun.tair.tests.tairvector.TairVectorTest
already analyzed com.aliyun.tair.tests.tairzset.TairZsetTest
already analyzed com.aliyun.tair.tests.tairzset.TairZsetTest
already analyzed com.aliyun.tair.tests.tairzset.TairZsetTest
already analyzed com.aliyun.tair.tests.tairzset.TairZsetTest
already analyzed com.aliyun.tair.tests.tairzset.TairZsetTest
already analyzed com.aliyun.tair.tests.tairzset.TairZsetTest
already analyzed com.aliyun.tair.tests.tairzset.TairZsetTest
already analyzed com.aliyun.tair.tests.tairzset.TairZsetTest
already analyzed com.aliyun.tair.tests.tairzset.TairZsetTest
already analyzed com.aliyun.tair.tests.tairzset.TairZsetTest
already analyzed com.aliyun.tair.tests.tairzset.TairZsetTest
already analyzed com.aliyun.tair.tests.tairzset.TairZsetTest
already analyzed com.aliyun.tair.tests.tairzset.TairZsetTest
already analyzed com.aliyun.tair.tests.tairzset.TairZsetTest
already analyzed com.aliyun.tair.tests.tairzset.TairZsetTest
already analyzed com.alibaba.json.bvt.parser.deser.AbstractSerializeTest
already analyzed com.alibaba.wasp.client.TestAdmin
already analyzed com.alibaba.wasp.client.TestAdmin
already analyzed com.alibaba.wasp.client.TestAdmin
already analyzed com.alibaba.wasp.client.TestAdmin
already analyzed com.alibaba.wasp.client.TestAdmin
already analyzed com.alibaba.wasp.client.TestAdmin
already analyzed com.alibaba.wasp.client.TestAdmin
already analyzed com.alibaba.wasp.client.TestAdmin
already analyzed com.alibaba.wasp.client.TestAdmin
already analyzed com.alibaba.wasp.client.TestAdmin
already analyzed com.alibaba.wasp.client.TestAdmin
already analyzed com.alibaba.wasp.client.TestAdmin
already analyzed com.alibaba.wasp.client.TestAdmin
already analyzed com.alibaba.wasp.client.TestAdmin
already analyzed com.alibaba.wasp.client.TestAdmin
already analyzed com.alibaba.wasp.client.TestAdmin
already analyzed com.alibaba.wasp.client.TestAdmin
already analyzed com.alibaba.wasp.client.TestAdmin
already analyzed com.alibaba.wasp.client.TestAdmin
already analyzed com.alibaba.wasp.client.TestFClientLoadBalance
already analyzed com.alibaba.wasp.client.TestFromClientSide
already analyzed com.alibaba.wasp.client.TestFromClientSide
already analyzed com.alibaba.wasp.client.TestFromClientSide
already analyzed com.alibaba.wasp.client.TestFromClientSide
already analyzed com.alibaba.wasp.client.TestFromClientSide
already analyzed com.alibaba.wasp.client.TestFromClientSide
already analyzed com.alibaba.wasp.client.TestFromClientSide
already analyzed com.alibaba.wasp.client.TestFromClientSide
already analyzed com.alibaba.wasp.client.TestFromClientSide
already analyzed com.alibaba.wasp.client.TestFromClientSide
already analyzed com.alibaba.wasp.fserver.redo.TestRedoLog
already analyzed com.alibaba.wasp.fserver.TestEntityGroup
already analyzed com.alibaba.wasp.fserver.TestSplitTransaction
already analyzed com.alibaba.wasp.fserver.TestSplitTransaction
already analyzed com.alibaba.wasp.fserver.TestSplitTransaction
already analyzed com.alibaba.wasp.fserver.TestSplitTransaction
already analyzed com.alibaba.wasp.fserver.TestSplitTransactionOnCluster
already analyzed com.alibaba.wasp.fserver.TestSplitTransactionOnCluster
already analyzed com.alibaba.wasp.fserver.TestSplitTransactionOnCluster
already analyzed com.alibaba.wasp.fserver.TestSplitTransactionOnCluster
already analyzed com.alibaba.wasp.fserver.TestSplitTransactionOnCluster
already analyzed com.alibaba.wasp.jdbc.TestJdbcResultSet
already analyzed com.alibaba.wasp.jdbc.TestJdbcResultSet
already analyzed com.alibaba.wasp.jdbc.TestJdbcResultSet
already analyzed com.alibaba.wasp.jdbc.TestJdbcResultSet
already analyzed com.alibaba.wasp.jdbc.TestJdbcResultSet
already analyzed com.alibaba.wasp.jdbc.TestJdbcResultSet
already analyzed com.alibaba.wasp.jdbc.TestJdbcResultSet
already analyzed com.alibaba.wasp.jdbc.TestJdbcResultSet
already analyzed com.alibaba.wasp.jdbc.TestJdbcResultSet
already analyzed com.alibaba.wasp.jdbc.TestJdbcResultSet
already analyzed com.alibaba.wasp.jdbc.TestJdbcResultSet
already analyzed com.alibaba.wasp.jdbc.TestJdbcResultSet
already analyzed com.alibaba.wasp.jdbc.TestJdbcResultSet
already analyzed com.alibaba.wasp.jdbc.TestJdbcResultSet
already analyzed com.alibaba.wasp.jdbc.TestJdbcResultSet
already analyzed com.alibaba.wasp.jdbc.TestJdbcResultSet
already analyzed com.alibaba.wasp.jdbc.TestJdbcResultSet
already analyzed com.alibaba.wasp.meta.TestFMetaStore
already analyzed com.alibaba.wasp.meta.TestFMetaStore
already analyzed com.alibaba.wasp.meta.TestFMetaStore
already analyzed com.alibaba.wasp.meta.TestFMetaStore
already analyzed com.alibaba.wasp.meta.TestFMetaStore
already analyzed com.alibaba.wasp.meta.TestFMetaStore
already analyzed com.alibaba.wasp.meta.TestFMetaStore
already analyzed com.alibaba.wasp.meta.TestFMetaStore
already analyzed com.alibaba.wasp.plan.execute.TestExecutionEngine
already analyzed com.alibaba.wasp.plan.execute.TestExecutionEngine
already analyzed com.alibaba.wasp.plan.execute.TestExecutionEngine
already analyzed org.apache.dubbo.common.utils.ExecutorUtilTest
already analyzed org.apache.dubbo.config.AbstractInterfaceConfigTest
already analyzed org.apache.dubbo.config.AbstractInterfaceConfigTest
already analyzed org.apache.dubbo.config.AbstractInterfaceConfigTest
already analyzed org.apache.dubbo.config.AbstractInterfaceConfigTest
already analyzed org.apache.dubbo.config.AbstractInterfaceConfigTest
already analyzed org.apache.dubbo.config.AbstractInterfaceConfigTest
already analyzed org.apache.dubbo.config.AbstractInterfaceConfigTest
already analyzed org.apache.dubbo.config.AbstractInterfaceConfigTest
already analyzed org.apache.dubbo.config.AbstractInterfaceConfigTest
already analyzed org.apache.dubbo.config.AbstractInterfaceConfigTest
already analyzed org.apache.dubbo.config.AbstractInterfaceConfigTest
already analyzed org.apache.dubbo.config.AbstractInterfaceConfigTest
already analyzed org.apache.dubbo.config.AbstractInterfaceConfigTest
already analyzed org.apache.dubbo.config.AbstractInterfaceConfigTest
already analyzed org.apache.dubbo.config.AbstractInterfaceConfigTest
already analyzed org.apache.dubbo.config.AbstractInterfaceConfigTest
already analyzed org.apache.dubbo.config.AbstractInterfaceConfigTest
already analyzed org.apache.dubbo.config.AbstractInterfaceConfigTest
already analyzed org.apache.dubbo.config.AbstractInterfaceConfigTest
already analyzed org.apache.dubbo.config.AbstractInterfaceConfigTest
already analyzed org.apache.dubbo.config.AbstractInterfaceConfigTest
already analyzed org.apache.dubbo.config.AbstractInterfaceConfigTest
already analyzed org.apache.dubbo.config.AbstractInterfaceConfigTest
already analyzed org.apache.dubbo.config.AbstractInterfaceConfigTest
already analyzed org.apache.dubbo.config.AbstractInterfaceConfigTest
already analyzed org.apache.dubbo.config.AbstractInterfaceConfigTest
already analyzed org.apache.dubbo.config.AbstractInterfaceConfigTest
already analyzed org.apache.dubbo.config.AbstractInterfaceConfigTest
already analyzed org.apache.dubbo.config.AbstractInterfaceConfigTest
already analyzed org.apache.dubbo.config.AbstractInterfaceConfigTest
already analyzed org.apache.dubbo.config.AbstractInterfaceConfigTest
already analyzed org.apache.dubbo.config.AbstractInterfaceConfigTest
already analyzed org.apache.dubbo.config.AbstractInterfaceConfigTest
already analyzed org.apache.dubbo.config.AbstractInterfaceConfigTest
already analyzed org.apache.dubbo.config.GenericServiceTest
already analyzed org.apache.dubbo.config.GenericServiceTest
already analyzed org.apache.dubbo.config.GenericServiceTest
already analyzed org.apache.dubbo.config.GenericServiceTest
already analyzed org.apache.dubbo.config.spring.beans.factory.annotation.ReferenceAnnotationBeanPostProcessorTest
already analyzed org.apache.dubbo.config.spring.beans.factory.annotation.ReferenceAnnotationBeanPostProcessorTest
already analyzed org.apache.dubbo.config.spring.beans.factory.annotation.ReferenceAnnotationBeanPostProcessorTest
already analyzed org.apache.dubbo.config.spring.beans.factory.annotation.ReferenceAnnotationBeanPostProcessorTest
already analyzed org.apache.dubbo.generic.GenericServiceTest
already analyzed org.apache.dubbo.rpc.protocol.dubbo.DubboProtocolTest
already analyzed org.apache.dubbo.rpc.protocol.dubbo.DubboProtocolTest
already analyzed org.apache.dubbo.rpc.protocol.http.HttpProtocolTest
already analyzed org.apache.dubbo.rpc.protocol.rest.RestProtocolTest
already analyzed org.apache.dubbo.rpc.protocol.rest.RestProtocolTest
already analyzed org.apache.dubbo.rpc.protocol.rest.RestProtocolTest
already analyzed org.apache.gora.ignite.store.TestIgniteStore
already analyzed org.apache.gora.ignite.store.TestIgniteStore
already analyzed org.apache.gora.ignite.store.TestIgniteStore
already analyzed org.apache.gora.ignite.store.TestIgniteStore
already analyzed org.apache.gora.ignite.store.TestIgniteStore
already analyzed org.apache.gora.ignite.store.TestIgniteStore
already analyzed org.apache.gora.ignite.store.TestIgniteStore
already analyzed org.apache.gora.ignite.store.TestIgniteStore
already analyzed org.apache.gora.ignite.store.TestIgniteStore
already analyzed org.apache.gora.ignite.store.TestIgniteStore
already analyzed org.apache.gora.ignite.store.TestIgniteStore
already analyzed org.apache.gora.ignite.store.TestIgniteStore
already analyzed org.apache.gora.ignite.store.TestIgniteStore
already analyzed org.apache.gora.ignite.store.TestIgniteStore
already analyzed org.apache.gora.ignite.store.TestIgniteStore
already analyzed org.apache.gora.ignite.store.TestIgniteStore
already analyzed org.apache.gora.ignite.store.TestIgniteStore
already analyzed org.apache.gora.ignite.store.TestIgniteStore
already analyzed org.apache.gora.ignite.store.TestIgniteStore
already analyzed org.apache.gora.ignite.store.TestIgniteStore
already analyzed org.apache.gora.ignite.store.TestIgniteStore
already analyzed org.apache.gora.ignite.store.TestIgniteStore
already analyzed org.apache.gora.ignite.store.TestIgniteStore
already analyzed org.apache.gora.ignite.store.TestIgniteStore
already analyzed org.apache.gora.ignite.store.TestIgniteStore
already analyzed org.apache.gora.ignite.store.TestIgniteStore
already analyzed org.apache.gora.ignite.store.TestIgniteStore
already analyzed org.apache.gora.ignite.store.TestIgniteStore
already analyzed org.apache.gora.ignite.store.TestIgniteStore
already analyzed org.apache.gora.ignite.store.TestIgniteStore
already analyzed org.apache.gora.orientdb.mapreduce.TestOrientDBStoreWordCount
already analyzed org.apache.hadoop.hbase.procedure2.store.wal.TestWALProcedureStore
already analyzed io.elasticjob.lite.lifecycle.api.JobAPIFactoryTest
already analyzed com.baidu.jprotobuf.pbrpc.proto.EchoServicePerformanceTest
already analyzed com.baidu.jprotobuf.pbrpc.proto.EchoServicePerformanceTest
already analyzed com.baidu.jprotobuf.pbrpc.proto.EchoServicePerformanceTest
already analyzed org.biojava.nbio.core.search.io.SearchIOTest
already analyzed org.biojava.nbio.core.sequence.loader.GenbankProxySequenceReaderTest
biojava Command '/shared-data/jdk-inst//bin/java -javaagent:/shared-data/phosphor-flakyTracker/Phosphor/target/Phosphor-0.0.5-SNAPSHOT.jar -Xbootclasspath/a:/shared-data/phosphor-flakyTracker/Phosphor/target/Phosphor-0.0.5-SNAPSHOT.jar  -cp $(find /workspace/benchmarks/projects//biojava/biojava-structure -name "classes" -type d | paste -sd :):$(find /workspace/benchmarks/projects//biojava/biojava-structure -name "test-classes" -type d | paste -sd :):$(find /tmp/jars -name "*.jar" -type f | paste -sd :)::$(find /workspace/benchmarks/projects//biojava/biojava-structure -name "dependency" -type d | paste -sd :):/shared-data/common-jar/randoop-all-4.3.3.jar:/shared-data/common-jar/junit-4.13.2.jar:/shared-data/common-jar/hamcrest-core-2.2.jar:/shared-data/common-jar/guava-33.0.0-jre.jar org.junit.runner.JUnitCore org.biojava.nbio.structure.align.util.AtomCacheTest' timed out after 599.999988398049 seconds
already analyzed org.biojava.nbio.structure.align.util.AtomCacheTest
already analyzed org.biojava.nbio.structure.align.util.AtomCacheTest
already analyzed org.biojava.nbio.structure.align.util.AtomCacheTest
already analyzed org.biojava.nbio.structure.align.util.AtomCacheTest
already analyzed org.biojava.nbio.structure.align.util.AtomCacheTest
biojava Command '/shared-data/jdk-inst//bin/java -javaagent:/shared-data/phosphor-flakyTracker/Phosphor/target/Phosphor-0.0.5-SNAPSHOT.jar -Xbootclasspath/a:/shared-data/phosphor-flakyTracker/Phosphor/target/Phosphor-0.0.5-SNAPSHOT.jar  -cp $(find /workspace/benchmarks/projects//biojava/biojava-structure -name "classes" -type d | paste -sd :):$(find /workspace/benchmarks/projects//biojava/biojava-structure -name "test-classes" -type d | paste -sd :):$(find /tmp/jars -name "*.jar" -type f | paste -sd :)::$(find /workspace/benchmarks/projects//biojava/biojava-structure -name "dependency" -type d | paste -sd :):/shared-data/common-jar/randoop-all-4.3.3.jar:/shared-data/common-jar/junit-4.13.2.jar:/shared-data/common-jar/hamcrest-core-2.2.jar:/shared-data/common-jar/guava-33.0.0-jre.jar org.junit.runner.JUnitCore org.biojava.nbio.structure.io.mmtf.TestMmtfRoundTrip' timed out after 599.9999874848872 seconds
biojava Command '/shared-data/jdk-inst//bin/java -javaagent:/shared-data/phosphor-flakyTracker/Phosphor/target/Phosphor-0.0.5-SNAPSHOT.jar -Xbootclasspath/a:/shared-data/phosphor-flakyTracker/Phosphor/target/Phosphor-0.0.5-SNAPSHOT.jar  -cp $(find /workspace/benchmarks/projects//biojava/biojava-structure -name "classes" -type d | paste -sd :):$(find /workspace/benchmarks/projects//biojava/biojava-structure -name "test-classes" -type d | paste -sd :):$(find /tmp/jars -name "*.jar" -type f | paste -sd :)::$(find /workspace/benchmarks/projects//biojava/biojava-structure -name "dependency" -type d | paste -sd :):/shared-data/common-jar/randoop-all-4.3.3.jar:/shared-data/common-jar/junit-4.13.2.jar:/shared-data/common-jar/hamcrest-core-2.2.jar:/shared-data/common-jar/guava-33.0.0-jre.jar org.junit.runner.JUnitCore org.biojava.nbio.structure.io.mmtf.TestMmtfRoundTrip' timed out after 599.9999852897599 seconds
biojava Command '/shared-data/jdk-inst//bin/java -javaagent:/shared-data/phosphor-flakyTracker/Phosphor/target/Phosphor-0.0.5-SNAPSHOT.jar -Xbootclasspath/a:/shared-data/phosphor-flakyTracker/Phosphor/target/Phosphor-0.0.5-SNAPSHOT.jar  -cp $(find /workspace/benchmarks/projects//biojava/biojava-structure -name "classes" -type d | paste -sd :):$(find /workspace/benchmarks/projects//biojava/biojava-structure -name "test-classes" -type d | paste -sd :):$(find /tmp/jars -name "*.jar" -type f | paste -sd :)::$(find /workspace/benchmarks/projects//biojava/biojava-structure -name "dependency" -type d | paste -sd :):/shared-data/common-jar/randoop-all-4.3.3.jar:/shared-data/common-jar/junit-4.13.2.jar:/shared-data/common-jar/hamcrest-core-2.2.jar:/shared-data/common-jar/guava-33.0.0-jre.jar org.junit.runner.JUnitCore org.biojava.nbio.structure.io.mmtf.TestMmtfRoundTrip' timed out after 599.9999859002419 seconds
biojava Command '/shared-data/jdk-inst//bin/java -javaagent:/shared-data/phosphor-flakyTracker/Phosphor/target/Phosphor-0.0.5-SNAPSHOT.jar -Xbootclasspath/a:/shared-data/phosphor-flakyTracker/Phosphor/target/Phosphor-0.0.5-SNAPSHOT.jar  -cp $(find /workspace/benchmarks/projects//biojava/biojava-structure -name "classes" -type d | paste -sd :):$(find /workspace/benchmarks/projects//biojava/biojava-structure -name "test-classes" -type d | paste -sd :):$(find /tmp/jars -name "*.jar" -type f | paste -sd :)::$(find /workspace/benchmarks/projects//biojava/biojava-structure -name "dependency" -type d | paste -sd :):/shared-data/common-jar/randoop-all-4.3.3.jar:/shared-data/common-jar/junit-4.13.2.jar:/shared-data/common-jar/hamcrest-core-2.2.jar:/shared-data/common-jar/guava-33.0.0-jre.jar org.junit.runner.JUnitCore org.biojava.nbio.structure.io.mmtf.TestMmtfRoundTrip' timed out after 599.9999859579839 seconds
biojava Command '/shared-data/jdk-inst//bin/java -javaagent:/shared-data/phosphor-flakyTracker/Phosphor/target/Phosphor-0.0.5-SNAPSHOT.jar -Xbootclasspath/a:/shared-data/phosphor-flakyTracker/Phosphor/target/Phosphor-0.0.5-SNAPSHOT.jar  -cp $(find /workspace/benchmarks/projects//biojava/biojava-structure -name "classes" -type d | paste -sd :):$(find /workspace/benchmarks/projects//biojava/biojava-structure -name "test-classes" -type d | paste -sd :):$(find /tmp/jars -name "*.jar" -type f | paste -sd :)::$(find /workspace/benchmarks/projects//biojava/biojava-structure -name "dependency" -type d | paste -sd :):/shared-data/common-jar/randoop-all-4.3.3.jar:/shared-data/common-jar/junit-4.13.2.jar:/shared-data/common-jar/hamcrest-core-2.2.jar:/shared-data/common-jar/guava-33.0.0-jre.jar org.junit.runner.JUnitCore org.biojava.nbio.structure.io.mmtf.TestMmtfRoundTrip' timed out after 599.9999866830185 seconds
already analyzed org.biojava.nbio.structure.PDBStatusTest
already analyzed org.biojava.nbio.structure.PDBStatusTest
already analyzed org.biojava.nbio.structure.test.io.cif.CifFileSupplierIntegrationTest
already analyzed org.biojava.nbio.structure.test.io.cif.CifFileSupplierIntegrationTest
biojava Command '/shared-data/jdk-inst//bin/java -javaagent:/shared-data/phosphor-flakyTracker/Phosphor/target/Phosphor-0.0.5-SNAPSHOT.jar -Xbootclasspath/a:/shared-data/phosphor-flakyTracker/Phosphor/target/Phosphor-0.0.5-SNAPSHOT.jar  -cp $(find /workspace/benchmarks/projects//biojava/biojava-structure -name "classes" -type d | paste -sd :):$(find /workspace/benchmarks/projects//biojava/biojava-structure -name "test-classes" -type d | paste -sd :):$(find /tmp/jars -name "*.jar" -type f | paste -sd :)::$(find /workspace/benchmarks/projects//biojava/biojava-structure -name "dependency" -type d | paste -sd :):/shared-data/common-jar/randoop-all-4.3.3.jar:/shared-data/common-jar/junit-4.13.2.jar:/shared-data/common-jar/hamcrest-core-2.2.jar:/shared-data/common-jar/guava-33.0.0-jre.jar org.junit.runner.JUnitCore org.biojava.nbio.structure.TestAtomCache' timed out after 599.9999888972379 seconds
already analyzed org.biojava.nbio.structure.TestAtomCache
biojava Command '/shared-data/jdk-inst//bin/java -javaagent:/shared-data/phosphor-flakyTracker/Phosphor/target/Phosphor-0.0.5-SNAPSHOT.jar -Xbootclasspath/a:/shared-data/phosphor-flakyTracker/Phosphor/target/Phosphor-0.0.5-SNAPSHOT.jar  -cp $(find /workspace/benchmarks/projects//biojava/biojava-structure -name "classes" -type d | paste -sd :):$(find /workspace/benchmarks/projects//biojava/biojava-structure -name "test-classes" -type d | paste -sd :):$(find /tmp/jars -name "*.jar" -type f | paste -sd :)::$(find /workspace/benchmarks/projects//biojava/biojava-structure -name "dependency" -type d | paste -sd :):/shared-data/common-jar/randoop-all-4.3.3.jar:/shared-data/common-jar/junit-4.13.2.jar:/shared-data/common-jar/hamcrest-core-2.2.jar:/shared-data/common-jar/guava-33.0.0-jre.jar org.junit.runner.JUnitCore org.biojava.nbio.structure.TestLoadStructureFromURL' timed out after 599.9999884986319 seconds
already analyzed com.dianping.cat.message.context.MessageIdFactoryTest
already analyzed info.archinnov.achilles.it.TestEntityForGroupByIT
already analyzed info.archinnov.achilles.it.TestEntityWithComplexIndices
already analyzed info.archinnov.achilles.it.TestEntityWithComplexIndices
already analyzed info.archinnov.achilles.it.TestEntityWithComplexIndices
already analyzed info.archinnov.achilles.it.TestEntityWithComplexIndices
already analyzed info.archinnov.achilles.it.TestEntityWithComplexIndices
already analyzed info.archinnov.achilles.it.TestEntityWithComplexIndices
already analyzed info.archinnov.achilles.it.TestEntityWithComplexIndices
already analyzed info.archinnov.achilles.it.TestEntityWithComplexIndices
already analyzed info.archinnov.achilles.it.TestEntityWithIndicesForJSON
already analyzed info.archinnov.achilles.it.TestEntityWithIndicesForJSON
already analyzed info.archinnov.achilles.it.TestEntityWithIndicesForJSON
already analyzed info.archinnov.achilles.it.TestEntityWithIndicesForJSON
already analyzed info.archinnov.achilles.it.TestEntityWithIndicesForJSON
already analyzed info.archinnov.achilles.it.TestEntityWithIndicesForJSON
already analyzed info.archinnov.achilles.it.TestEntityWithSASIIndices
already analyzed info.archinnov.achilles.it.TestEntityWithSASIIndices
already analyzed info.archinnov.achilles.it.TestEntityWithSASIIndices
already analyzed info.archinnov.achilles.it.TestEntityWithSASIIndices
already analyzed info.archinnov.achilles.it.TestEntityWithSASIIndices
already analyzed org.glassfish.tyrus.test.standard_config.SessionTimeoutTest
already analyzed org.glassfish.tyrus.test.standard_config.SessionTimeoutTest
already analyzed com.espertech.esper.regressionrun.suite.epl.TestSuiteEPLSpatial
already analyzed net.redpipe.templating.freemarker.ApiTest
already analyzed net.redpipe.templating.freemarker.ApiTest
